<?xml version="1.0" encoding="UTF-8"?>
<!-- Generated by org.testng.reporters.JUnitReportReporter -->
<testsuite skipped="0" hostname="KARMA" name="org.testng.includemethodsexcludemethods.IncludeExcludeMethods" tests="2" failures="0" timestamp="2020-12-27T19:45:46 CST" time="0.094" errors="0">
  <testcase name="m3Test" time="0.003" classname="org.testng.includemethodsexcludemethods.IncludeExcludeMethods"/>
  <system-out/>
  <testcase name="m2Test" time="0.091" classname="org.testng.includemethodsexcludemethods.IncludeExcludeMethods"/>
  <system-out/>
</testsuite> <!-- org.testng.includemethodsexcludemethods.IncludeExcludeMethods -->
