<?xml version="1.0" encoding="UTF-8"?>
<!-- Generated by org.testng.reporters.JUnitReportReporter -->
<testsuite skipped="0" hostname="KARMA" name="com.gmail.test.YahooMailLogin" tests="1" failures="0" timestamp="2021-01-02T17:56:36 CST" time="41.426" errors="0">
  <testcase name="loginGmail" time="41.426" classname="com.gmail.test.YahooMailLogin"/>
  <system-out/>
</testsuite> <!-- com.gmail.test.YahooMailLogin -->
