<?xml version="1.0" encoding="UTF-8"?>
<!-- Generated by org.testng.reporters.JUnitReportReporter -->
<testsuite skipped="0" hostname="KARMA" name="org.testng.allowreturnvalues.AllowReturnValuesTrue" tests="2" failures="0" timestamp="2021-05-19T13:07:11 CDT" time="0.102" errors="0">
  <testcase name="returnMethod" time="0.098" classname="org.testng.allowreturnvalues.AllowReturnValuesTrue"/>
  <system-out/>
  <testcase name="nonReturnMethod" time="0.004" classname="org.testng.allowreturnvalues.AllowReturnValuesTrue"/>
  <system-out/>
</testsuite> <!-- org.testng.allowreturnvalues.AllowReturnValuesTrue -->
