<?xml version="1.0" encoding="UTF-8"?>
<!-- Generated by org.testng.reporters.JUnitReportReporter -->
<testsuite skipped="0" hostname="KARMA" name="testngannotations.TestClass1" tests="2" failures="0" timestamp="2020-12-27T16:01:41 CST" time="0.080" errors="0">
  <testcase name="c1m2" time="0.077" classname="testngannotations.TestClass1"/>
  <system-out/>
  <testcase name="class1Test" time="0.003" classname="testngannotations.TestClass1"/>
  <system-out/>
</testsuite> <!-- testngannotations.TestClass1 -->
