<?xml version="1.0" encoding="UTF-8"?>
<!-- Generated by org.testng.reporters.JUnitReportReporter -->
<testsuite skipped="0" hostname="KARMA" name="org.testng.allowreturnvalues.AllowReturnValuesTrue" tests="2" failures="0" timestamp="2020-12-28T11:46:20 CST" time="0.081" errors="0">
  <testcase name="returnMethod" time="0.079" classname="org.testng.allowreturnvalues.AllowReturnValuesTrue"/>
  <system-out/>
  <testcase name="nonReturnMethod" time="0.002" classname="org.testng.allowreturnvalues.AllowReturnValuesTrue"/>
  <system-out/>
</testsuite> <!-- org.testng.allowreturnvalues.AllowReturnValuesTrue -->
