<?xml version="1.0" encoding="UTF-8"?>
<!-- Generated by org.testng.reporters.JUnitReportReporter -->
<testsuite skipped="0" hostname="KARMA" name="org.testng.includemethodsexcludemethods.ExcludeMethods" tests="3" failures="0" timestamp="2020-12-27T21:38:00 CST" time="0.101" errors="0">
  <testcase name="m5Test" time="0.004" classname="org.testng.includemethodsexcludemethods.ExcludeMethods"/>
  <system-out/>
  <testcase name="m4Test" time="0.093" classname="org.testng.includemethodsexcludemethods.ExcludeMethods"/>
  <system-out/>
  <testcase name="m6Test" time="0.004" classname="org.testng.includemethodsexcludemethods.ExcludeMethods"/>
  <system-out/>
</testsuite> <!-- org.testng.includemethodsexcludemethods.ExcludeMethods -->
