<?xml version="1.0" encoding="UTF-8"?>
<!-- Generated by org.testng.reporters.JUnitReportReporter -->
<testsuite skipped="0" hostname="KARMA" name="org.testng.classlevelannotations.ClassLevelAnnotationDemo" tests="2" failures="0" timestamp="2020-12-28T17:09:12 CST" time="0.069" errors="0">
  <testcase name="test2" time="0.002" classname="org.testng.classlevelannotations.ClassLevelAnnotationDemo"/>
  <system-out/>
  <testcase name="test1" time="0.067" classname="org.testng.classlevelannotations.ClassLevelAnnotationDemo"/>
  <system-out/>
</testsuite> <!-- org.testng.classlevelannotations.ClassLevelAnnotationDemo -->
