<?xml version="1.0" encoding="UTF-8"?>
<!-- Generated by org.testng.reporters.JUnitReportReporter -->
<testsuite skipped="0" hostname="KARMA" name="org.testngpriority.PriorityDemo2" tests="3" failures="0" timestamp="2020-12-27T17:58:56 CST" time="0.013" errors="0">
  <testcase name="m1" time="0.002" classname="org.testngpriority.PriorityDemo2"/>
  <system-out/>
  <testcase name="m2" time="0.006" classname="org.testngpriority.PriorityDemo2"/>
  <system-out/>
  <testcase name="m3" time="0.005" classname="org.testngpriority.PriorityDemo2"/>
  <system-out/>
</testsuite> <!-- org.testngpriority.PriorityDemo2 -->
