<?xml version="1.0" encoding="UTF-8"?>
<!-- Generated by org.testng.reporters.JUnitReportReporter -->
<testsuite skipped="1" hostname="KARMA" name="org.testng.rerunningfailedtests.RerunFailedTestClass2" tests="3" failures="0" timestamp="2020-12-29T17:47:05 CST" time="0.022" errors="0">
  <testcase name="test6" time="0.005" classname="org.testng.rerunningfailedtests.RerunFailedTestClass2"/>
  <system-out>
Test Method 6 is Pass  </system-out>
  <testcase name="test4" time="0.017" classname="org.testng.rerunningfailedtests.RerunFailedTestClass2"/>
  <system-out>
Test Method test 4 is pass  </system-out>
  <testcase name="test5" classname="org.testng.rerunningfailedtests.RerunFailedTestClass2">
    <skipped/>
  </testcase> <!-- test5 -->
  <system-out/>
</testsuite> <!-- org.testng.rerunningfailedtests.RerunFailedTestClass2 -->
