<?xml version="1.0" encoding="UTF-8"?>
<!-- Generated by org.testng.reporters.JUnitReportReporter -->
<testsuite skipped="0" hostname="KARMA" name="com.gmail.test.GmailLogin" tests="1" failures="0" timestamp="2021-01-02T17:50:11 CST" time="26.320" errors="0">
  <testcase name="loginGmail" time="26.320" classname="com.gmail.test.GmailLogin"/>
  <system-out/>
</testsuite> <!-- com.gmail.test.GmailLogin -->
