<?xml version="1.0" encoding="UTF-8"?>
<!-- Generated by org.testng.reporters.JUnitReportReporter -->
<testsuite skipped="0" hostname="KARMA" name="org.testng.exclusiongroups.ExcludeGroupsDemo" tests="2" failures="0" timestamp="2020-12-28T12:20:21 CST" time="0.093" errors="0">
  <testcase name="test1" time="0.090" classname="org.testng.exclusiongroups.ExcludeGroupsDemo"/>
  <system-out/>
  <testcase name="test3" time="0.003" classname="org.testng.exclusiongroups.ExcludeGroupsDemo"/>
  <system-out/>
</testsuite> <!-- org.testng.exclusiongroups.ExcludeGroupsDemo -->
