<?xml version="1.0" encoding="UTF-8"?>
<!-- Generated by org.testng.reporters.JUnitReportReporter -->
<testsuite skipped="0" hostname="KARMA" name="org.testngpriority.PriorityDemo1" tests="3" failures="0" timestamp="2020-12-27T17:58:56 CST" time="0.083" errors="0">
  <testcase name="m3" time="0.077" classname="org.testngpriority.PriorityDemo1"/>
  <system-out/>
  <testcase name="m2" time="0.003" classname="org.testngpriority.PriorityDemo1"/>
  <system-out/>
  <testcase name="m1" time="0.003" classname="org.testngpriority.PriorityDemo1"/>
  <system-out/>
</testsuite> <!-- org.testngpriority.PriorityDemo1 -->
