<?xml version="1.0" encoding="UTF-8"?>
<!-- Generated by org.testng.reporters.JUnitReportReporter -->
<testsuite skipped="0" hostname="KARMA" name="org.testng.rerunningfailedtests.RerunFailedTestsFromResults" tests="1" failures="0" timestamp="2020-12-28T19:04:46 CST" time="0.002" errors="0">
  <testcase name="test2" time="0.002" classname="org.testng.rerunningfailedtests.RerunFailedTestsFromResults"/>
  <system-out/>
</testsuite> <!-- org.testng.rerunningfailedtests.RerunFailedTestsFromResults -->
