<?xml version="1.0" encoding="UTF-8"?>
<!-- Generated by org.testng.reporters.JUnitReportReporter -->
<testsuite skipped="1" hostname="KARMA" name="com.testng.ignoringtests.IgnoringTestsAtTestMethodLevelDemo" tests="3" failures="0" timestamp="2020-12-28T17:32:25 CST" time="0.018" errors="0">
  <testcase name="test1" time="0.015" classname="com.testng.ignoringtests.IgnoringTestsAtTestMethodLevelDemo"/>
  <system-out/>
  <testcase name="test3" time="0.003" classname="com.testng.ignoringtests.IgnoringTestsAtTestMethodLevelDemo"/>
  <system-out/>
  <testcase name="test2" classname="com.testng.ignoringtests.IgnoringTestsAtTestMethodLevelDemo">
    <skipped/>
  </testcase> <!-- test2 -->
  <system-out/>
</testsuite> <!-- com.testng.ignoringtests.IgnoringTestsAtTestMethodLevelDemo -->
