<?xml version="1.0" encoding="UTF-8"?>
<!-- Generated by org.testng.reporters.JUnitReportReporter -->
<testsuite skipped="0" hostname="KARMA" name="org.testng.includemethodsexcludemethods.IncludeMethods" tests="1" failures="0" timestamp="2020-12-27T19:51:58 CST" time="0.082" errors="0">
  <testcase name="m2Test" time="0.082" classname="org.testng.includemethodsexcludemethods.IncludeMethods"/>
  <system-out/>
</testsuite> <!-- org.testng.includemethodsexcludemethods.IncludeMethods -->
