<?xml version="1.0" encoding="UTF-8"?>
<!-- Generated by org.testng.reporters.JUnitReportReporter -->
<testsuite skipped="0" hostname="KARMA" name="org.testng.dependson.C1" tests="2" failures="0" timestamp="2020-12-27T12:49:19 CST" time="0.005" errors="0">
  <testcase name="m2" time="0.003" classname="org.testng.dependson.C1"/>
  <system-out/>
  <testcase name="m1" time="0.002" classname="org.testng.dependson.C1"/>
  <system-out/>
</testsuite> <!-- org.testng.dependson.C1 -->
