<?xml version="1.0" encoding="UTF-8"?>
<!-- Generated by org.testng.reporters.JUnitReportReporter -->
<testsuite skipped="0" hostname="KARMA" name="com.yahoomail.test.YahooMailLogin" tests="1" failures="0" timestamp="2021-01-02T18:40:21 CST" time="48.800" errors="0">
  <testcase name="loginYahoo" time="48.800" classname="com.yahoomail.test.YahooMailLogin"/>
  <system-out/>
</testsuite> <!-- com.yahoomail.test.YahooMailLogin -->
