<?xml version="1.0" encoding="UTF-8"?>
<!-- Generated by org.testng.reporters.JUnitReportReporter -->
<testsuite skipped="0" hostname="KARMA" name="com.gmail.test.MailYahooLogin" tests="1" failures="0" timestamp="2021-01-02T18:31:43 CST" time="60.881" errors="0">
  <testcase name="yahooMailLogin" time="60.881" classname="com.gmail.test.MailYahooLogin"/>
  <system-out/>
</testsuite> <!-- com.gmail.test.MailYahooLogin -->
