<?xml version="1.0" encoding="UTF-8"?>
<!-- Generated by org.testng.reporters.JUnitReportReporter -->
<testsuite skipped="0" hostname="KARMA" name="org.testng.dependson.C2" tests="4" failures="0" timestamp="2020-12-27T12:51:03 CST" time="0.080" errors="0">
  <testcase name="m1" time="0.003" classname="org.testng.dependson.C2"/>
  <system-out/>
  <testcase name="m2" time="0.068" classname="org.testng.dependson.C2"/>
  <system-out/>
  <testcase name="m3" time="0.007" classname="org.testng.dependson.C2"/>
  <system-out/>
  <testcase name="m4" time="0.002" classname="org.testng.dependson.C2"/>
  <system-out/>
</testsuite> <!-- org.testng.dependson.C2 -->
