<?xml version="1.0" encoding="UTF-8"?>
<!-- Generated by org.testng.reporters.JUnitReportReporter -->
<testsuite skipped="0" hostname="KARMA" name="testngannotations.TestClass2" tests="1" failures="0" timestamp="2020-12-27T16:01:41 CST" time="0.007" errors="0">
  <testcase name="class2Test" time="0.007" classname="testngannotations.TestClass2"/>
  <system-out/>
</testsuite> <!-- testngannotations.TestClass2 -->
