<?xml version="1.0" encoding="UTF-8"?>
<!-- Generated by org.testng.reporters.JUnitReportReporter -->
<testsuite skipped="0" hostname="KARMA" name="org.testng.includemethodsexcludemethods.IncludeMethods" tests="1" failures="0" timestamp="28 Dec 2020 02:04:57 GMT" time="0.084" errors="0">
  <testcase name="m2Test" time="0.084" classname="org.testng.includemethodsexcludemethods.IncludeMethods"/>
</testsuite> <!-- org.testng.includemethodsexcludemethods.IncludeMethods -->
